/*C12*/SET SCHEMA PUBLIC
DELETE FROM DATABASECHANGELOGLOCK WHERE ID=1
INSERT INTO DATABASECHANGELOGLOCK VALUES(1,TRUE,'2021-03-12 11:24:22.567000','aliakseis-mbp.lan (192.168.86.21)')
COMMIT
DELETE FROM DATABASECHANGELOGLOCK WHERE ID=1
INSERT INTO DATABASECHANGELOGLOCK VALUES(1,FALSE,NULL,NULL)
COMMIT
DELETE FROM ATLASSIAN_HOST WHERE CLIENT_KEY='1a924e4c-96ae-3177-9776-844264d34f38'
INSERT INTO ATLASSIAN_HOST VALUES('1a924e4c-96ae-3177-9776-844264d34f38','MIGfMA0GCSqGSIb3DQEBAQUAA4GNADCBiQKBgQCVQ5f8iV0/YV8Ns0nri3iARqVDt/1700gpr8uy32MUb10K+OK2wu0aJJhQ5eZYoI4BDFte51Fp2tEZjfivQKlIHsX7Ydt9QrXGh7wN2bTXD6cxvasSh93Czp4oHEgV93iicrwufatu/oubXy7tuUkd2qKKZJrwKRfSvAhd4Ujw3QIDAQAB','Jm3t5T2UqZJD+m2oe/YAnX2BQgh8YEiW7ZcrhVVlBYmAQezA15tc4OQLqXjSbex9GZRnnWDqvbCDvOnOrSkvrg','https://chatmeter-addon-hackathon.atlassian.net','jira','Atlassian JIRA at https://chatmeter-addon-hackathon.atlassian.net ',NULL,TRUE,NULL,'2021-03-12 11:24:49.512000',NULL,NULL,NULL)
COMMIT
DISCONNECT
/*C13*/SET SCHEMA PUBLIC
DISCONNECT
/*C14*/SET SCHEMA PUBLIC
DISCONNECT
/*C15*/SET SCHEMA PUBLIC
DISCONNECT
/*C16*/SET SCHEMA PUBLIC
DISCONNECT
/*C17*/SET SCHEMA PUBLIC
DISCONNECT
/*C18*/SET SCHEMA PUBLIC
DISCONNECT
/*C19*/SET SCHEMA PUBLIC
DISCONNECT
/*C20*/SET SCHEMA PUBLIC
DISCONNECT
/*C21*/SET SCHEMA PUBLIC
DISCONNECT
