/*C1*/SET SCHEMA SYSTEM_LOBS
INSERT INTO BLOCKS VALUES(0,2147483647,0)
COMMIT
/*C2*/SET SCHEMA PUBLIC
CREATE TABLE PUBLIC.DATABASECHANGELOGLOCK (ID INT NOT NULL, LOCKED BOOLEAN NOT NULL, LOCKGRANTED TIMESTAMP, LOCKEDBY VARCHAR(255), CONSTRAINT PK_DATABASECHANGELOGLOCK PRIMARY KEY (ID))
INSERT INTO DATABASECHANGELOGLOCK VALUES(1,FALSE,NULL,NULL)
COMMIT
DELETE FROM DATABASECHANGELOGLOCK WHERE ID=1
INSERT INTO DATABASECHANGELOGLOCK VALUES(1,TRUE,'2021-03-11 20:17:40.370000','aliakseis-mbp.lan (192.168.86.21)')
COMMIT
CREATE TABLE PUBLIC.DATABASECHANGELOG (ID VARCHAR(255) NOT NULL, AUTHOR VARCHAR(255) NOT NULL, FILENAME VARCHAR(255) NOT NULL, DATEEXECUTED TIMESTAMP NOT NULL, ORDEREXECUTED INT NOT NULL, EXECTYPE VARCHAR(10) NOT NULL, MD5SUM VARCHAR(35), DESCRIPTION VARCHAR(255), COMMENTS VARCHAR(255), TAG VARCHAR(255), LIQUIBASE VARCHAR(20), CONTEXTS VARCHAR(255), LABELS VARCHAR(255), DEPLOYMENT_ID VARCHAR(10))
CREATE TABLE PUBLIC.atlassian_host (client_key VARCHAR(255) NOT NULL, public_key VARCHAR(255), shared_secret VARCHAR(255) NOT NULL, base_url VARCHAR(255) NOT NULL, product_type VARCHAR(255), description VARCHAR(255), service_entitlement_number VARCHAR(255), addon_installed BOOLEAN, created_date TIMESTAMP, last_modified_date TIMESTAMP, created_by VARCHAR(255), last_modified_by VARCHAR(255), CONSTRAINT PK_ATLASSIAN_HOST PRIMARY KEY (client_key))
INSERT INTO DATABASECHANGELOG VALUES('1.0.1','atlassian','classpath:db.changelog-master.yaml','2021-03-11 20:17:40.615000',1,'EXECUTED','8:531d6e109785810769894d82fd908848','createTable tableName=atlassian_host','',NULL,'3.10.3',NULL,NULL,'5522660570')
COMMIT
ALTER TABLE PUBLIC.atlassian_host ADD oauth_client_id VARCHAR(255)
INSERT INTO DATABASECHANGELOG VALUES('1.1.0','atlassian','classpath:db.changelog-master.yaml','2021-03-11 20:17:40.618000',2,'EXECUTED','8:33769d7a9491dfef7dad601975f64f65','addColumn tableName=atlassian_host','',NULL,'3.10.3',NULL,NULL,'5522660570')
COMMIT
CREATE INDEX PUBLIC.idx_atlassian_host_base_url ON PUBLIC.atlassian_host(base_url)
INSERT INTO DATABASECHANGELOG VALUES('1.1.1','atlassian','classpath:db.changelog-master.yaml','2021-03-11 20:17:40.619000',3,'EXECUTED','8:6b65d9df797e04e6328798928a9be31d','createIndex indexName=idx_atlassian_host_base_url, tableName=atlassian_host','',NULL,'3.10.3',NULL,NULL,'5522660570')
COMMIT
ALTER TABLE PUBLIC.atlassian_host ALTER COLUMN public_key VARCHAR(512)
INSERT INTO DATABASECHANGELOG VALUES('1.1.2','www.quamto.com','classpath:db.changelog-master.yaml','2021-03-11 20:17:40.621000',4,'EXECUTED','8:d614d623919ab0da1613bb4332c37c36','modifyDataType columnName=public_key, tableName=atlassian_host','',NULL,'3.10.3',NULL,NULL,'5522660570')
COMMIT
DELETE FROM DATABASECHANGELOGLOCK WHERE ID=1
INSERT INTO DATABASECHANGELOGLOCK VALUES(1,FALSE,NULL,NULL)
COMMIT
INSERT INTO ATLASSIAN_HOST VALUES('1a924e4c-96ae-3177-9776-844264d34f38','MIGfMA0GCSqGSIb3DQEBAQUAA4GNADCBiQKBgQCVQ5f8iV0/YV8Ns0nri3iARqVDt/1700gpr8uy32MUb10K+OK2wu0aJJhQ5eZYoI4BDFte51Fp2tEZjfivQKlIHsX7Ydt9QrXGh7wN2bTXD6cxvasSh93Czp4oHEgV93iicrwufatu/oubXy7tuUkd2qKKZJrwKRfSvAhd4Ujw3QIDAQAB','4Xue6huF+zl8vHfknSGEWzesZjIPmXXuMKc3p+EJSceFtU4TThejD8bJ1mOMXGxBRrUjbCP5rbGHx/5adYNT2Q','https://chatmeter-addon-hackathon.atlassian.net','jira','Atlassian JIRA at https://chatmeter-addon-hackathon.atlassian.net ',NULL,TRUE,'2021-03-11 20:36:57.611000','2021-03-11 20:36:57.611000',NULL,NULL,NULL)
COMMIT
DELETE FROM ATLASSIAN_HOST WHERE CLIENT_KEY='1a924e4c-96ae-3177-9776-844264d34f38'
INSERT INTO ATLASSIAN_HOST VALUES('1a924e4c-96ae-3177-9776-844264d34f38','MIGfMA0GCSqGSIb3DQEBAQUAA4GNADCBiQKBgQCVQ5f8iV0/YV8Ns0nri3iARqVDt/1700gpr8uy32MUb10K+OK2wu0aJJhQ5eZYoI4BDFte51Fp2tEZjfivQKlIHsX7Ydt9QrXGh7wN2bTXD6cxvasSh93Czp4oHEgV93iicrwufatu/oubXy7tuUkd2qKKZJrwKRfSvAhd4Ujw3QIDAQAB','4Xue6huF+zl8vHfknSGEWzesZjIPmXXuMKc3p+EJSceFtU4TThejD8bJ1mOMXGxBRrUjbCP5rbGHx/5adYNT2Q','https://chatmeter-addon-hackathon.atlassian.net','jira','Atlassian JIRA at https://chatmeter-addon-hackathon.atlassian.net ',NULL,FALSE,'2021-03-11 20:36:57.611000','2021-03-11 20:37:13.915000',NULL,'603827cff6ccc00070555062',NULL)
COMMIT
/*C11*/SET SCHEMA PUBLIC
DISCONNECT
/*C7*/SET SCHEMA PUBLIC
DISCONNECT
/*C10*/SET SCHEMA PUBLIC
DISCONNECT
/*C8*/SET SCHEMA PUBLIC
DISCONNECT
/*C4*/SET SCHEMA PUBLIC
DISCONNECT
/*C3*/SET SCHEMA PUBLIC
DISCONNECT
/*C9*/SET SCHEMA PUBLIC
DISCONNECT
/*C5*/SET SCHEMA PUBLIC
DISCONNECT
/*C2*/DISCONNECT
/*C6*/SET SCHEMA PUBLIC
DISCONNECT
/*C12*/SET SCHEMA PUBLIC
DISCONNECT
/*C13*/SET SCHEMA PUBLIC
DISCONNECT
/*C14*/SET SCHEMA PUBLIC
DISCONNECT
/*C15*/SET SCHEMA PUBLIC
DISCONNECT
/*C16*/SET SCHEMA PUBLIC
DISCONNECT
/*C17*/SET SCHEMA PUBLIC
DISCONNECT
/*C18*/SET SCHEMA PUBLIC
DISCONNECT
/*C19*/SET SCHEMA PUBLIC
DISCONNECT
/*C20*/SET SCHEMA PUBLIC
DISCONNECT
/*C21*/SET SCHEMA PUBLIC
DISCONNECT
